<?xml version="1.0" encoding="UTF-8"?>
<testsuite xmlns:xsi="http://www.w3.org/2001/XMLSchema-instance" xsi:noNamespaceSchemaLocation="https://maven.apache.org/surefire/maven-surefire-plugin/xsd/surefire-test-report.xsd" name="com.easyjava.AppTest" time="0.026" tests="3" errors="0" skipped="0" failures="0">
  <properties>
    <property name="java.specification.version" value="21"/>
    <property name="sun.cpu.isalist" value="amd64"/>
    <property name="sun.jnu.encoding" value="UTF-8"/>
    <property name="java.class.path" value="C:\Users\lengt\Documents\code\easyjava\target\test-classes;C:\Users\lengt\Documents\code\easyjava\target\classes;C:\Users\lengt\.m2\repository\org\apache\maven\maven-plugin-api\3.9.4\maven-plugin-api-3.9.4.jar;C:\Users\lengt\.m2\repository\org\apache\maven\maven-model\3.9.4\maven-model-3.9.4.jar;C:\Users\lengt\.m2\repository\org\apache\maven\maven-artifact\3.9.4\maven-artifact-3.9.4.jar;C:\Users\lengt\.m2\repository\org\eclipse\sisu\org.eclipse.sisu.plexus\0.3.5\org.eclipse.sisu.plexus-0.3.5.jar;C:\Users\lengt\.m2\repository\javax\annotation\javax.annotation-api\1.2\javax.annotation-api-1.2.jar;C:\Users\lengt\.m2\repository\org\codehaus\plexus\plexus-utils\3.5.1\plexus-utils-3.5.1.jar;C:\Users\lengt\.m2\repository\org\codehaus\plexus\plexus-classworlds\2.7.0\plexus-classworlds-2.7.0.jar;C:\Users\lengt\.m2\repository\org\apache\maven\plugin-tools\maven-plugin-annotations\3.9.0\maven-plugin-annotations-3.9.0.jar;C:\Users\lengt\.m2\repository\org\apache\maven\maven-core\3.9.4\maven-core-3.9.4.jar;C:\Users\lengt\.m2\repository\org\apache\maven\maven-settings\3.9.4\maven-settings-3.9.4.jar;C:\Users\lengt\.m2\repository\org\apache\maven\maven-settings-builder\3.9.4\maven-settings-builder-3.9.4.jar;C:\Users\lengt\.m2\repository\org\codehaus\plexus\plexus-sec-dispatcher\2.0\plexus-sec-dispatcher-2.0.jar;C:\Users\lengt\.m2\repository\org\codehaus\plexus\plexus-cipher\2.0\plexus-cipher-2.0.jar;C:\Users\lengt\.m2\repository\org\apache\maven\maven-builder-support\3.9.4\maven-builder-support-3.9.4.jar;C:\Users\lengt\.m2\repository\org\apache\maven\maven-repository-metadata\3.9.4\maven-repository-metadata-3.9.4.jar;C:\Users\lengt\.m2\repository\org\apache\maven\maven-model-builder\3.9.4\maven-model-builder-3.9.4.jar;C:\Users\lengt\.m2\repository\org\apache\maven\maven-resolver-provider\3.9.4\maven-resolver-provider-3.9.4.jar;C:\Users\lengt\.m2\repository\org\apache\maven\resolver\maven-resolver-impl\1.9.14\maven-resolver-impl-1.9.14.jar;C:\Users\lengt\.m2\repository\org\apache\maven\resolver\maven-resolver-named-locks\1.9.14\maven-resolver-named-locks-1.9.14.jar;C:\Users\lengt\.m2\repository\org\apache\maven\resolver\maven-resolver-api\1.9.14\maven-resolver-api-1.9.14.jar;C:\Users\lengt\.m2\repository\org\apache\maven\resolver\maven-resolver-spi\1.9.14\maven-resolver-spi-1.9.14.jar;C:\Users\lengt\.m2\repository\org\apache\maven\resolver\maven-resolver-util\1.9.14\maven-resolver-util-1.9.14.jar;C:\Users\lengt\.m2\repository\org\apache\maven\shared\maven-shared-utils\3.3.4\maven-shared-utils-3.3.4.jar;C:\Users\lengt\.m2\repository\org\eclipse\sisu\org.eclipse.sisu.inject\0.3.5\org.eclipse.sisu.inject-0.3.5.jar;C:\Users\lengt\.m2\repository\com\google\inject\guice\5.1.0\guice-5.1.0.jar;C:\Users\lengt\.m2\repository\aopalliance\aopalliance\1.0\aopalliance-1.0.jar;C:\Users\lengt\.m2\repository\com\google\guava\guava\32.0.1-jre\guava-32.0.1-jre.jar;C:\Users\lengt\.m2\repository\com\google\guava\failureaccess\1.0.1\failureaccess-1.0.1.jar;C:\Users\lengt\.m2\repository\javax\inject\javax.inject\1\javax.inject-1.jar;C:\Users\lengt\.m2\repository\org\codehaus\plexus\plexus-interpolation\1.26\plexus-interpolation-1.26.jar;C:\Users\lengt\.m2\repository\org\codehaus\plexus\plexus-component-annotations\2.1.0\plexus-component-annotations-2.1.0.jar;C:\Users\lengt\.m2\repository\junit\junit\4.11\junit-4.11.jar;C:\Users\lengt\.m2\repository\org\hamcrest\hamcrest-core\1.3\hamcrest-core-1.3.jar;C:\Users\lengt\.m2\repository\com\mysql\mysql-connector-j\8.1.0\mysql-connector-j-8.1.0.jar;C:\Users\lengt\.m2\repository\com\google\protobuf\protobuf-java\3.21.9\protobuf-java-3.21.9.jar;C:\Users\lengt\.m2\repository\org\apache\commons\commons-lang3\3.4\commons-lang3-3.4.jar;C:\Users\lengt\.m2\repository\com\alibaba\fastjson\1.2.59\fastjson-1.2.59.jar;C:\Users\lengt\.m2\repository\ch\qos\logback\logback-classic\1.5.6\logback-classic-1.5.6.jar;C:\Users\lengt\.m2\repository\ch\qos\logback\logback-core\1.5.6\logback-core-1.5.6.jar;C:\Users\lengt\.m2\repository\org\slf4j\slf4j-api\2.0.13\slf4j-api-2.0.13.jar;"/>
    <property name="java.vm.vendor" value="Microsoft"/>
    <property name="sun.arch.data.model" value="64"/>
    <property name="user.variant" value=""/>
    <property name="java.vendor.url" value="https://www.microsoft.com"/>
    <property name="user.timezone" value="Asia/Shanghai"/>
    <property name="os.name" value="Windows 11"/>
    <property name="java.vm.specification.version" value="21"/>
    <property name="sun.java.launcher" value="SUN_STANDARD"/>
    <property name="user.country" value="CN"/>
    <property name="sun.boot.library.path" value="C:\Program Files\Microsoft\jdk-21.0.7.6-hotspot\bin"/>
    <property name="sun.java.command" value="C:\Users\lengt\AppData\Local\Temp\surefire16595802490028519110\surefirebooter3488120964287981896.jar C:\Users\lengt\AppData\Local\Temp\surefire16595802490028519110 2025-07-31T15-35-28_124-jvmRun1 surefire10071029140715910736tmp surefire_0597905611152346146tmp"/>
    <property name="jdk.debug" value="release"/>
    <property name="surefire.test.class.path" value="C:\Users\lengt\Documents\code\easyjava\target\test-classes;C:\Users\lengt\Documents\code\easyjava\target\classes;C:\Users\lengt\.m2\repository\org\apache\maven\maven-plugin-api\3.9.4\maven-plugin-api-3.9.4.jar;C:\Users\lengt\.m2\repository\org\apache\maven\maven-model\3.9.4\maven-model-3.9.4.jar;C:\Users\lengt\.m2\repository\org\apache\maven\maven-artifact\3.9.4\maven-artifact-3.9.4.jar;C:\Users\lengt\.m2\repository\org\eclipse\sisu\org.eclipse.sisu.plexus\0.3.5\org.eclipse.sisu.plexus-0.3.5.jar;C:\Users\lengt\.m2\repository\javax\annotation\javax.annotation-api\1.2\javax.annotation-api-1.2.jar;C:\Users\lengt\.m2\repository\org\codehaus\plexus\plexus-utils\3.5.1\plexus-utils-3.5.1.jar;C:\Users\lengt\.m2\repository\org\codehaus\plexus\plexus-classworlds\2.7.0\plexus-classworlds-2.7.0.jar;C:\Users\lengt\.m2\repository\org\apache\maven\plugin-tools\maven-plugin-annotations\3.9.0\maven-plugin-annotations-3.9.0.jar;C:\Users\lengt\.m2\repository\org\apache\maven\maven-core\3.9.4\maven-core-3.9.4.jar;C:\Users\lengt\.m2\repository\org\apache\maven\maven-settings\3.9.4\maven-settings-3.9.4.jar;C:\Users\lengt\.m2\repository\org\apache\maven\maven-settings-builder\3.9.4\maven-settings-builder-3.9.4.jar;C:\Users\lengt\.m2\repository\org\codehaus\plexus\plexus-sec-dispatcher\2.0\plexus-sec-dispatcher-2.0.jar;C:\Users\lengt\.m2\repository\org\codehaus\plexus\plexus-cipher\2.0\plexus-cipher-2.0.jar;C:\Users\lengt\.m2\repository\org\apache\maven\maven-builder-support\3.9.4\maven-builder-support-3.9.4.jar;C:\Users\lengt\.m2\repository\org\apache\maven\maven-repository-metadata\3.9.4\maven-repository-metadata-3.9.4.jar;C:\Users\lengt\.m2\repository\org\apache\maven\maven-model-builder\3.9.4\maven-model-builder-3.9.4.jar;C:\Users\lengt\.m2\repository\org\apache\maven\maven-resolver-provider\3.9.4\maven-resolver-provider-3.9.4.jar;C:\Users\lengt\.m2\repository\org\apache\maven\resolver\maven-resolver-impl\1.9.14\maven-resolver-impl-1.9.14.jar;C:\Users\lengt\.m2\repository\org\apache\maven\resolver\maven-resolver-named-locks\1.9.14\maven-resolver-named-locks-1.9.14.jar;C:\Users\lengt\.m2\repository\org\apache\maven\resolver\maven-resolver-api\1.9.14\maven-resolver-api-1.9.14.jar;C:\Users\lengt\.m2\repository\org\apache\maven\resolver\maven-resolver-spi\1.9.14\maven-resolver-spi-1.9.14.jar;C:\Users\lengt\.m2\repository\org\apache\maven\resolver\maven-resolver-util\1.9.14\maven-resolver-util-1.9.14.jar;C:\Users\lengt\.m2\repository\org\apache\maven\shared\maven-shared-utils\3.3.4\maven-shared-utils-3.3.4.jar;C:\Users\lengt\.m2\repository\org\eclipse\sisu\org.eclipse.sisu.inject\0.3.5\org.eclipse.sisu.inject-0.3.5.jar;C:\Users\lengt\.m2\repository\com\google\inject\guice\5.1.0\guice-5.1.0.jar;C:\Users\lengt\.m2\repository\aopalliance\aopalliance\1.0\aopalliance-1.0.jar;C:\Users\lengt\.m2\repository\com\google\guava\guava\32.0.1-jre\guava-32.0.1-jre.jar;C:\Users\lengt\.m2\repository\com\google\guava\failureaccess\1.0.1\failureaccess-1.0.1.jar;C:\Users\lengt\.m2\repository\javax\inject\javax.inject\1\javax.inject-1.jar;C:\Users\lengt\.m2\repository\org\codehaus\plexus\plexus-interpolation\1.26\plexus-interpolation-1.26.jar;C:\Users\lengt\.m2\repository\org\codehaus\plexus\plexus-component-annotations\2.1.0\plexus-component-annotations-2.1.0.jar;C:\Users\lengt\.m2\repository\junit\junit\4.11\junit-4.11.jar;C:\Users\lengt\.m2\repository\org\hamcrest\hamcrest-core\1.3\hamcrest-core-1.3.jar;C:\Users\lengt\.m2\repository\com\mysql\mysql-connector-j\8.1.0\mysql-connector-j-8.1.0.jar;C:\Users\lengt\.m2\repository\com\google\protobuf\protobuf-java\3.21.9\protobuf-java-3.21.9.jar;C:\Users\lengt\.m2\repository\org\apache\commons\commons-lang3\3.4\commons-lang3-3.4.jar;C:\Users\lengt\.m2\repository\com\alibaba\fastjson\1.2.59\fastjson-1.2.59.jar;C:\Users\lengt\.m2\repository\ch\qos\logback\logback-classic\1.5.6\logback-classic-1.5.6.jar;C:\Users\lengt\.m2\repository\ch\qos\logback\logback-core\1.5.6\logback-core-1.5.6.jar;C:\Users\lengt\.m2\repository\org\slf4j\slf4j-api\2.0.13\slf4j-api-2.0.13.jar;"/>
    <property name="sun.cpu.endian" value="little"/>
    <property name="user.home" value="C:\Users\lengt"/>
    <property name="user.language" value="zh"/>
    <property name="java.specification.vendor" value="Oracle Corporation"/>
    <property name="java.version.date" value="2025-04-15"/>
    <property name="java.home" value="C:\Program Files\Microsoft\jdk-21.0.7.6-hotspot"/>
    <property name="file.separator" value="\"/>
    <property name="basedir" value="C:\Users\lengt\Documents\code\easyjava"/>
    <property name="java.vm.compressedOopsMode" value="Zero based"/>
    <property name="line.separator" value="&#10;"/>
    <property name="java.vm.specification.vendor" value="Oracle Corporation"/>
    <property name="java.specification.name" value="Java Platform API Specification"/>
    <property name="surefire.real.class.path" value="C:\Users\lengt\AppData\Local\Temp\surefire16595802490028519110\surefirebooter3488120964287981896.jar"/>
    <property name="user.script" value=""/>
    <property name="sun.management.compiler" value="HotSpot 64-Bit Tiered Compilers"/>
    <property name="java.runtime.version" value="21.0.7+6-LTS"/>
    <property name="user.name" value="lengt"/>
    <property name="stdout.encoding" value="UTF-8"/>
    <property name="path.separator" value=";"/>
    <property name="os.version" value="10.0"/>
    <property name="java.runtime.name" value="OpenJDK Runtime Environment"/>
    <property name="file.encoding" value="UTF-8"/>
    <property name="java.vm.name" value="OpenJDK 64-Bit Server VM"/>
    <property name="java.vendor.version" value="Microsoft-11369940"/>
    <property name="localRepository" value="C:\Users\lengt\.m2\repository"/>
    <property name="java.vendor.url.bug" value="https://github.com/microsoft/openjdk/issues"/>
    <property name="java.io.tmpdir" value="C:\Users\lengt\AppData\Local\Temp\"/>
    <property name="java.version" value="21.0.7"/>
    <property name="user.dir" value="C:\Users\lengt\Documents\code\easyjava"/>
    <property name="os.arch" value="amd64"/>
    <property name="java.vm.specification.name" value="Java Virtual Machine Specification"/>
    <property name="sun.os.patch.level" value=""/>
    <property name="native.encoding" value="UTF-8"/>
    <property name="java.library.path" value="C:\Program Files\Microsoft\jdk-21.0.7.6-hotspot\bin;C:\Windows\Sun\Java\bin;C:\Windows\system32;C:\Windows;C:\Program Files\Microsoft\jdk-21.0.7.6-hotspot\bin;C:\Windows\system32;C:\Windows;C:\Windows\System32\Wbem;C:\Windows\System32\WindowsPowerShell\v1.0\;C:\Windows\System32\OpenSSH\;C:\Program Files (x86)\NVIDIA Corporation\PhysX\Common;C:\Program Files\NVIDIA Corporation\NVIDIA NvDLISR;C:\Users\lengt\apache-maven-3.9.10\bin;C:\Program Files\nodejs\;C:\Program Files\nodejs\node_modules;;C:\ProgramData\chocolatey\bin;C:\Program Files\Bandizip\;C:\Users\lengt\AppData\Local\Microsoft\WindowsApps;C:\Users\lengt\AppData\Local\Programs\Microsoft VS Code\bin;C:\Users\lengt\AppData\Roaming\npm;c:\Users\lengt\AppData\Roaming\Code\User\globalStorage\github.copilot-chat\debugCommand;."/>
    <property name="java.vm.info" value="mixed mode, sharing"/>
    <property name="stderr.encoding" value="UTF-8"/>
    <property name="java.vendor" value="Microsoft"/>
    <property name="java.vm.version" value="21.0.7+6-LTS"/>
    <property name="sun.io.unicode.encoding" value="UnicodeLittle"/>
    <property name="java.class.version" value="65.0"/>
  </properties>
  <testcase name="shouldAnswerWithTrue" classname="com.easyjava.AppTest" time="0.002"/>
  <testcase name="TestConcatString" classname="com.easyjava.AppTest" time="0.004"/>
  <testcase name="GetIntValue" classname="com.easyjava.AppTest" time="0"/>
</testsuite>